1,0.257306
2,0.203047
3,0.188180
4,0.204196
5,0.233410
6,0.179917
7,0.170369
8,0.169440
9,0.167465
10,0.164477
11,0.158220
12,0.157828
13,0.157093
14,0.154596
15,0.152567
16,0.151204
17,0.148999
18,0.147245
19,0.145194
20,0.143056
21,0.141475
22,0.139058
23,0.137183
24,0.135485
25,0.133288
26,0.130643
27,0.128760
28,0.125904
29,0.123342
30,0.122584
31,0.120180
32,0.117668
33,0.115980
34,0.115145
35,0.113169
36,0.111503
37,0.109833
38,0.107786
39,0.106059
40,0.104903
41,0.102928
42,0.101707
43,0.100226
44,0.098757
45,0.097428
46,0.096725
47,0.095819
48,0.094571
49,0.093609
50,0.092452
51,0.092209
52,0.091078
53,0.089777
54,0.089116
55,0.088173
56,0.087076
57,0.086019
58,0.084907
59,0.083816
60,0.082671
61,0.082043
62,0.082221
63,0.080815
64,0.080026
65,0.079349
66,0.078660
67,0.078011
68,0.077372
69,0.076951
70,0.076311
71,0.075956
72,0.075218
73,0.074638
74,0.073889
75,0.073380
76,0.072795
77,0.072018
78,0.071793
79,0.070970
80,0.070649
81,0.070122
82,0.069726
83,0.069322
84,0.068666
85,0.068292
86,0.067789
87,0.067539
88,0.067073
89,0.066689
90,0.066260
91,0.066052
92,0.065711
93,0.065251
94,0.064967
95,0.064514
96,0.064128
97,0.063801
98,0.063384
99,0.062908
100,0.062645
101,0.062150
102,0.061683
103,0.061192
104,0.060890
105,0.060414
106,0.060012
107,0.059584
108,0.059425
109,0.059083
110,0.058642
111,0.058380
112,0.058184
113,0.057867
114,0.057508
115,0.057347
116,0.056986
117,0.056671
118,0.056355
119,0.056034
120,0.055622
121,0.055299
122,0.054913
123,0.054485
124,0.054156
125,0.053919
126,0.053641
127,0.053450
128,0.053126
129,0.052859
130,0.052666
131,0.052476
132,0.052215
133,0.051996
134,0.051946
135,0.051653
136,0.051413
137,0.051221
138,0.051006
139,0.050753
140,0.050473
141,0.050354
142,0.050027
143,0.049864
144,0.049675
145,0.049526
146,0.049386
147,0.049133
148,0.048914
149,0.048729
150,0.048565
151,0.048386
152,0.048226
153,0.047990
154,0.047808
155,0.047630
156,0.047444
157,0.047286
158,0.047044
159,0.046903
160,0.046658
161,0.046474
162,0.046287
163,0.046193
164,0.045936
165,0.045819
166,0.045615
167,0.045522
168,0.045374
169,0.045221
170,0.045068
171,0.044922
172,0.044811
173,0.044625
174,0.044503
175,0.044375
176,0.044199
177,0.044081
178,0.043890
179,0.043697
180,0.043550
181,0.043331
182,0.043213
183,0.043009
184,0.042830
185,0.042626
186,0.042541
187,0.042369
188,0.042251
189,0.042084
190,0.041936
191,0.041802
192,0.041662
193,0.041532
194,0.041364
195,0.041240
196,0.041091
197,0.040929
198,0.040821
199,0.040652
200,0.040486
201,0.040448
202,0.040257
203,0.040184
204,0.040018
205,0.039887
206,0.039764
207,0.039654
208,0.039501
209,0.039367
210,0.039309
211,0.039195
212,0.039014
213,0.038915
214,0.038809
215,0.038728
216,0.038595
217,0.038466
218,0.038340
219,0.038239
220,0.038096
221,0.037950
222,0.037795
223,0.037652
224,0.037488
225,0.037342
226,0.037215
227,0.037074
228,0.036924
229,0.036754
230,0.036699
231,0.036516
232,0.036357
233,0.036259
234,0.036133
235,0.036108
236,0.035947
237,0.035914
238,0.035772
239,0.035715
240,0.035669
241,0.035533
242,0.035443
243,0.035351
244,0.035276
245,0.035186
246,0.035074
247,0.035046
248,0.034940
249,0.034847
250,0.034751
251,0.034686
252,0.034617
253,0.034511
254,0.034419
255,0.034311
256,0.034207
257,0.034179
258,0.034038
259,0.033940
260,0.033828
261,0.033790
262,0.033676
263,0.033554
264,0.033477
265,0.033372
266,0.033276
267,0.033168
268,0.033052
269,0.032958
270,0.032848
271,0.032724
272,0.032636
273,0.032569
274,0.032464
275,0.032449
276,0.032342
277,0.032279
278,0.032198
279,0.032182
280,0.032133
281,0.032036
282,0.031980
283,0.031921
284,0.031848
285,0.031763
286,0.031687
287,0.031606
288,0.031517
289,0.031442
290,0.031340
291,0.031265
292,0.031153
293,0.031091
294,0.031011
295,0.030926
296,0.030824
297,0.030740
298,0.030674
299,0.030581
300,0.030495
301,0.030429
302,0.030350
303,0.030265
304,0.030211
305,0.030140
306,0.030094
307,0.030016
308,0.029954
309,0.029891
310,0.029822
311,0.029761
312,0.029707
313,0.029621
314,0.029547
315,0.029478
316,0.029403
317,0.029306
318,0.029280
319,0.029174
320,0.029083
321,0.029022
322,0.028946
323,0.028864
324,0.028804
325,0.028709
326,0.028644
327,0.028634
328,0.028538
329,0.028514
330,0.028461
331,0.028396
332,0.028348
333,0.028283
334,0.028220
335,0.028160
336,0.028107
337,0.028068
338,0.027978
339,0.027915
340,0.027848
341,0.027844
342,0.027771
343,0.027735
344,0.027676
345,0.027646
346,0.027594
347,0.027545
348,0.027501
349,0.027461
350,0.027405
351,0.027354
352,0.027307
353,0.027242
354,0.027183
355,0.027113
356,0.027075
357,0.026986
358,0.026912
359,0.026835
360,0.026831
361,0.026748
362,0.026710
363,0.026696
364,0.026649
365,0.026642
366,0.026557
367,0.026510
368,0.026466
369,0.026434
370,0.026379
371,0.026330
372,0.026293
373,0.026226
374,0.026182
375,0.026125
376,0.026090
377,0.026009
378,0.025962
379,0.025915
380,0.025854
381,0.025790
382,0.025718
383,0.025686
384,0.025603
385,0.025540
386,0.025487
387,0.025434
388,0.025356
389,0.025312
390,0.025272
391,0.025215
392,0.025164
393,0.025105
394,0.025047
395,0.024990
396,0.024943
397,0.024886
398,0.024831
399,0.024793
400,0.024733
401,0.024686
402,0.024621
403,0.024559
404,0.024525
405,0.024455
406,0.024410
407,0.024341
408,0.024299
409,0.024251
410,0.024187
411,0.024141
412,0.024119
413,0.024058
414,0.024004
415,0.023963
416,0.023917
417,0.023873
418,0.023812
419,0.023766
420,0.023734
421,0.023676
422,0.023628
423,0.023586
424,0.023533
425,0.023510
426,0.023451
427,0.023411
428,0.023383
429,0.023346
430,0.023318
431,0.023267
432,0.023243
433,0.023193
434,0.023155
435,0.023124
436,0.023098
437,0.023057
438,0.023027
439,0.022984
440,0.022965
441,0.022931
442,0.022892
443,0.022868
444,0.022830
445,0.022789
446,0.022763
447,0.022721
448,0.022676
449,0.022637
450,0.022617
451,0.022581
452,0.022534
453,0.022518
454,0.022491
455,0.022453
456,0.022437
457,0.022416
458,0.022395
459,0.022379
460,0.022365
461,0.022336
462,0.022310
463,0.022291
464,0.022263
465,0.022239
466,0.022209
467,0.022184
468,0.022153
469,0.022119
470,0.022086
471,0.022076
472,0.022032
473,0.022002
474,0.021972
475,0.021945
476,0.021908
477,0.021882
478,0.021841
479,0.021825
480,0.021808
481,0.021771
482,0.021778
483,0.021729
484,0.021725
485,0.021733
486,0.021690
487,0.021676
488,0.021650
489,0.021622
490,0.021606
491,0.021576
492,0.021548
493,0.021520
494,0.021484
495,0.021473
496,0.021429
497,0.021385
498,0.021400
499,0.021361
500,0.021332
